<?xml version="1.0" encoding="UTF-8"?>
<testsuite xmlns:xsi="http://www.w3.org/2001/XMLSchema-instance" xsi:noNamespaceSchemaLocation="https://maven.apache.org/surefire/maven-surefire-plugin/xsd/surefire-test-report-3.0.xsd" version="3.0" name="com.inditex.pricing.service.PriceSelectorTest" time="0.027" tests="1" errors="1" skipped="0" failures="0">
  <properties>
[...]
</properties>
  <testcase name="shouldSelectPriceWithHighestPriorityWhenMultiplePricesAreActive" classname="com.inditex.pricing.service.PriceSelectorTest" time="0.015">
    <error message="Not implemented yet" type="java.lang.UnsupportedOperationException"><![CDATA[java.lang.UnsupportedOperationException: Not implemented yet
	at com.inditex.pricing.service.PriceSelector.selectApplicablePrice(PriceSelector.java:12)
	at com.inditex.pricing.service.PriceSelectorTest.shouldSelectPriceWithHighestPriorityWhenMultiplePricesAreActive(PriceSelectorTest.java:53)
	at java.base/java.lang.reflect.Method.invoke(Method.java:568)
	at java.base/java.util.ArrayList.forEach(ArrayList.java:1511)
	at java.base/java.util.ArrayList.forEach(ArrayList.java:1511)
]]></error>
  </testcase>
</testsuite>